<?xml version="1.0" encoding="UTF-8"?>
<testsuite name="ru.tpo.mirtesen.tests.ArticleTest" tests="4" skipped="0" failures="0" errors="0" timestamp="2026-05-18T21:14:58.168Z" hostname="MacBook-Pro-Nika.local" time="9.259">
  <properties/>
  <testcase name="TC-07 Статья: автор или дата [chrome]" classname="ru.tpo.mirtesen.tests.ArticleTest" time="6.579"/>
  <testcase name="TC-07 Статья: автор или дата [firefox]" classname="ru.tpo.mirtesen.tests.ArticleTest" time="7.097"/>
  <testcase name="TC-06 Статья: заголовок и текст [chrome]" classname="ru.tpo.mirtesen.tests.ArticleTest" time="8.342"/>
  <testcase name="TC-06 Статья: заголовок и текст [firefox]" classname="ru.tpo.mirtesen.tests.ArticleTest" time="8.401"/>
  <system-out><![CDATA[]]></system-out>
  <system-err><![CDATA[мая 19, 2026 12:14:59 AM org.openqa.selenium.devtools.CdpVersionFinder findNearestMatch
WARNING: Unable to find CDP implementation matching 148
мая 19, 2026 12:14:59 AM org.openqa.selenium.devtools.CdpVersionFinder findNearestMatch
WARNING: Unable to find CDP implementation matching 148
мая 19, 2026 12:14:59 AM org.openqa.selenium.chromium.ChromiumDriver lambda$new$5
WARNING: Unable to find version of CDP to use for 148.0.7778.168. You may need to include a dependency on a specific version of the CDP using something similar to `org.seleniumhq.selenium:selenium-devtools-v86:4.18.1` where the version ("v86") matches the version of the chromium-based browser you're using and the version number of the artifact is the same as Selenium's.
мая 19, 2026 12:14:59 AM org.openqa.selenium.chromium.ChromiumDriver lambda$new$5
WARNING: Unable to find version of CDP to use for 148.0.7778.168. You may need to include a dependency on a specific version of the CDP using something similar to `org.seleniumhq.selenium:selenium-devtools-v86:4.18.1` where the version ("v86") matches the version of the chromium-based browser you're using and the version number of the artifact is the same as Selenium's.
]]></system-err>
</testsuite>
