<?xml version="1.0" encoding="UTF-8"?>
<testsuite name="ru.tpo.mirtesen.tests.RegistrationTest" tests="8" skipped="1" failures="0" errors="0" timestamp="2026-05-20T17:43:51.106Z" hostname="MacBook-Air-mac-4.local" time="126.239">
  <properties/>
  <testcase name="UC-6 TC-21 Форма регистрации по почте доступна" classname="ru.tpo.mirtesen.tests.RegistrationTest" time="18.301"/>
  <testcase name="UC-6 TC-21 Форма регистрации по почте доступна" classname="ru.tpo.mirtesen.tests.RegistrationTest" time="30.531"/>
  <testcase name="UC-6 TC-23 Некорректные данные регистрации не отправляют форму: name=, email=invalid-name-empty@example.com" classname="ru.tpo.mirtesen.tests.RegistrationTest" time="12.623"/>
  <testcase name="UC-6 TC-23 Некорректные данные регистрации не отправляют форму: name=Тест, email=" classname="ru.tpo.mirtesen.tests.RegistrationTest" time="7.013"/>
  <testcase name="UC-6 TC-23 Некорректные данные регистрации не отправляют форму: name=Тест, email=not-an-email" classname="ru.tpo.mirtesen.tests.RegistrationTest" time="16.702"/>
  <testcase name="manualUserCanRegisterByEmailWithConfirmationCode()" classname="ru.tpo.mirtesen.tests.RegistrationTest" time="0.002">
    <skipped message="Assumption failed: Для ручной регистрации нужен MIRTESEN_MANUAL_REGISTRATION=true" type="org.opentest4j.TestAbortedException">org.opentest4j.TestAbortedException: Assumption failed: Для ручной регистрации нужен MIRTESEN_MANUAL_REGISTRATION=true
	at org.junit.jupiter.api.Assumptions.throwAssumptionFailed(Assumptions.java:316)
	at org.junit.jupiter.api.Assumptions.assumeTrue(Assumptions.java:115)
	at ru.tpo.mirtesen.tests.RegistrationTest.manualUserCanRegisterByEmailWithConfirmationCode(RegistrationTest.kt:73)
	at java.base/java.lang.reflect.Method.invoke(Method.java:569)
	at java.base/java.util.concurrent.RecursiveAction.exec(RecursiveAction.java:194)
	at java.base/java.util.concurrent.ForkJoinTask.doExec(ForkJoinTask.java:373)
	at java.base/java.util.concurrent.ForkJoinPool$WorkQueue.topLevelExec(ForkJoinPool.java:1182)
	at java.base/java.util.concurrent.ForkJoinPool.scan(ForkJoinPool.java:1655)
	at java.base/java.util.concurrent.ForkJoinPool.runWorker(ForkJoinPool.java:1622)
	at java.base/java.util.concurrent.ForkJoinWorkerThread.run(ForkJoinWorkerThread.java:165)
</skipped>
  </testcase>
  <testcase name="UC-6 TC-22 Повторная регистрация уже занятого email запрещена [chrome]" classname="ru.tpo.mirtesen.tests.RegistrationTest" time="9.406"/>
  <testcase name="UC-6 TC-22 Повторная регистрация уже занятого email запрещена [firefox]" classname="ru.tpo.mirtesen.tests.RegistrationTest" time="31.625"/>
  <system-out><![CDATA[]]></system-out>
  <system-err><![CDATA[мая 20, 2026 8:43:54 PM org.openqa.selenium.devtools.CdpVersionFinder findNearestMatch
WARNING: Unable to find CDP implementation matching 148
мая 20, 2026 8:43:54 PM org.openqa.selenium.chromium.ChromiumDriver lambda$new$5
WARNING: Unable to find version of CDP to use for 148.0.7778.169. You may need to include a dependency on a specific version of the CDP using something similar to `org.seleniumhq.selenium:selenium-devtools-v86:4.18.1` where the version ("v86") matches the version of the chromium-based browser you're using and the version number of the artifact is the same as Selenium's.
мая 20, 2026 8:43:54 PM org.openqa.selenium.devtools.CdpVersionFinder findNearestMatch
WARNING: Unable to find CDP implementation matching 148
мая 20, 2026 8:43:54 PM org.openqa.selenium.chromium.ChromiumDriver lambda$new$5
WARNING: Unable to find version of CDP to use for 148.0.7778.169. You may need to include a dependency on a specific version of the CDP using something similar to `org.seleniumhq.selenium:selenium-devtools-v86:4.18.1` where the version ("v86") matches the version of the chromium-based browser you're using and the version number of the artifact is the same as Selenium's.
мая 20, 2026 8:43:54 PM org.openqa.selenium.devtools.CdpVersionFinder findNearestMatch
WARNING: Unable to find CDP implementation matching 148
мая 20, 2026 8:43:54 PM org.openqa.selenium.chromium.ChromiumDriver lambda$new$5
WARNING: Unable to find version of CDP to use for 148.0.7778.169. You may need to include a dependency on a specific version of the CDP using something similar to `org.seleniumhq.selenium:selenium-devtools-v86:4.18.1` where the version ("v86") matches the version of the chromium-based browser you're using and the version number of the artifact is the same as Selenium's.
мая 20, 2026 8:44:44 PM org.openqa.selenium.devtools.CdpVersionFinder findNearestMatch
WARNING: Unable to find CDP implementation matching 148
мая 20, 2026 8:44:44 PM org.openqa.selenium.chromium.ChromiumDriver lambda$new$5
WARNING: Unable to find version of CDP to use for 148.0.7778.169. You may need to include a dependency on a specific version of the CDP using something similar to `org.seleniumhq.selenium:selenium-devtools-v86:4.18.1` where the version ("v86") matches the version of the chromium-based browser you're using and the version number of the artifact is the same as Selenium's.
мая 20, 2026 8:44:54 PM org.openqa.selenium.devtools.CdpVersionFinder findNearestMatch
WARNING: Unable to find CDP implementation matching 148
мая 20, 2026 8:44:54 PM org.openqa.selenium.chromium.ChromiumDriver lambda$new$5
WARNING: Unable to find version of CDP to use for 148.0.7778.169. You may need to include a dependency on a specific version of the CDP using something similar to `org.seleniumhq.selenium:selenium-devtools-v86:4.18.1` where the version ("v86") matches the version of the chromium-based browser you're using and the version number of the artifact is the same as Selenium's.
мая 20, 2026 8:45:01 PM org.openqa.selenium.devtools.CdpVersionFinder findNearestMatch
WARNING: Unable to find CDP implementation matching 148
мая 20, 2026 8:45:01 PM org.openqa.selenium.chromium.ChromiumDriver lambda$new$5
WARNING: Unable to find version of CDP to use for 148.0.7778.169. You may need to include a dependency on a specific version of the CDP using something similar to `org.seleniumhq.selenium:selenium-devtools-v86:4.18.1` where the version ("v86") matches the version of the chromium-based browser you're using and the version number of the artifact is the same as Selenium's.
мая 20, 2026 8:45:17 PM org.openqa.selenium.devtools.CdpVersionFinder findNearestMatch
WARNING: Unable to find CDP implementation matching 148
мая 20, 2026 8:45:17 PM org.openqa.selenium.chromium.ChromiumDriver lambda$new$5
WARNING: Unable to find version of CDP to use for 148.0.7778.169. You may need to include a dependency on a specific version of the CDP using something similar to `org.seleniumhq.selenium:selenium-devtools-v86:4.18.1` where the version ("v86") matches the version of the chromium-based browser you're using and the version number of the artifact is the same as Selenium's.
]]></system-err>
</testsuite>
