<?xml version="1.0" encoding="UTF-8"?>
<testsuite name="ru.tpo.mirtesen.tests.PostCreationTest" tests="2" skipped="0" failures="0" errors="0" timestamp="2026-05-20T14:03:19.889Z" hostname="MacBook-Air-mac-4.local" time="15.035">
  <properties/>
  <testcase name="UC-4 TC-17 Публикация тестовой записи [chrome]" classname="ru.tpo.mirtesen.tests.PostCreationTest" time="13.159"/>
  <testcase name="UC-4 TC-17 Публикация тестовой записи [firefox]" classname="ru.tpo.mirtesen.tests.PostCreationTest" time="15.035"/>
  <system-out><![CDATA[]]></system-out>
  <system-err><![CDATA[мая 20, 2026 5:03:22 PM org.openqa.selenium.devtools.CdpVersionFinder findNearestMatch
WARNING: Unable to find CDP implementation matching 148
мая 20, 2026 5:03:22 PM org.openqa.selenium.chromium.ChromiumDriver lambda$new$5
WARNING: Unable to find version of CDP to use for 148.0.7778.169. You may need to include a dependency on a specific version of the CDP using something similar to `org.seleniumhq.selenium:selenium-devtools-v86:4.18.1` where the version ("v86") matches the version of the chromium-based browser you're using and the version number of the artifact is the same as Selenium's.
]]></system-err>
</testsuite>
