<?xml version="1.0" encoding="UTF-8"?>
<testsuite name="ru.tpo.mirtesen.tests.RubricNavigationTest" tests="6" skipped="0" failures="0" errors="0" timestamp="2026-05-19T20:02:12.070Z" hostname="MacBook-Pro-Nika.local" time="196.976">
  <properties/>
  <testcase name="UC-5 TC-18 Левый блок отображается [firefox]" classname="ru.tpo.mirtesen.tests.RubricNavigationTest" time="63.51"/>
  <testcase name="UC-5 TC-18 Левый блок отображается [chrome]" classname="ru.tpo.mirtesen.tests.RubricNavigationTest" time="34.511"/>
  <testcase name="UC-5 TC-19 Левый блок содержит пункты навигации [chrome]" classname="ru.tpo.mirtesen.tests.RubricNavigationTest" time="30.516"/>
  <testcase name="UC-5 TC-20 Рубрика открывается из левого меню [firefox]" classname="ru.tpo.mirtesen.tests.RubricNavigationTest" time="76.224"/>
  <testcase name="UC-5 TC-19 Левый блок содержит пункты навигации [firefox]" classname="ru.tpo.mirtesen.tests.RubricNavigationTest" time="63.244"/>
  <testcase name="UC-5 TC-20 Рубрика открывается из левого меню [chrome]" classname="ru.tpo.mirtesen.tests.RubricNavigationTest" time="95.773"/>
  <system-out><![CDATA[]]></system-out>
  <system-err><![CDATA[мая 19, 2026 11:03:51 PM org.openqa.selenium.devtools.CdpVersionFinder findNearestMatch
WARNING: Unable to find CDP implementation matching 148
мая 19, 2026 11:03:51 PM org.openqa.selenium.chromium.ChromiumDriver lambda$new$5
WARNING: Unable to find version of CDP to use for 148.0.7778.168. You may need to include a dependency on a specific version of the CDP using something similar to `org.seleniumhq.selenium:selenium-devtools-v86:4.18.1` where the version ("v86") matches the version of the chromium-based browser you're using and the version number of the artifact is the same as Selenium's.
мая 19, 2026 11:03:54 PM org.openqa.selenium.devtools.CdpVersionFinder findNearestMatch
WARNING: Unable to find CDP implementation matching 148
мая 19, 2026 11:03:54 PM org.openqa.selenium.chromium.ChromiumDriver lambda$new$5
WARNING: Unable to find version of CDP to use for 148.0.7778.168. You may need to include a dependency on a specific version of the CDP using something similar to `org.seleniumhq.selenium:selenium-devtools-v86:4.18.1` where the version ("v86") matches the version of the chromium-based browser you're using and the version number of the artifact is the same as Selenium's.
]]></system-err>
</testsuite>
