<?xml version="1.0" encoding="UTF-8"?>
<testsuite name="ru.tpo.mirtesen.tests.AuthTest" tests="8" skipped="0" failures="0" errors="0" timestamp="2026-05-19T16:00:06.688Z" hostname="MacBook-Air-mac-4.local" time="40.795">
  <properties/>
  <testcase name="UC-3 TC-11 Форма входа доступна [chrome]" classname="ru.tpo.mirtesen.tests.AuthTest" time="7.733"/>
  <testcase name="UC-3 TC-13 Неверный пароль не авторизует пользователя [firefox]" classname="ru.tpo.mirtesen.tests.AuthTest" time="17.944"/>
  <testcase name="UC-3 TC-11 Форма входа доступна [firefox]" classname="ru.tpo.mirtesen.tests.AuthTest" time="12.716"/>
  <testcase name="UC-3 TC-14 Пользователь может выйти из аккаунта [chrome]" classname="ru.tpo.mirtesen.tests.AuthTest" time="20.739"/>
  <testcase name="UC-3 TC-13 Неверный пароль не авторизует пользователя [chrome]" classname="ru.tpo.mirtesen.tests.AuthTest" time="6.79"/>
  <testcase name="UC-3 TC-14 Пользователь может выйти из аккаунта [firefox]" classname="ru.tpo.mirtesen.tests.AuthTest" time="30.009"/>
  <testcase name="UC-3 TC-12 Успешная авторизация [firefox]" classname="ru.tpo.mirtesen.tests.AuthTest" time="19.554"/>
  <testcase name="UC-3 TC-12 Успешная авторизация [chrome]" classname="ru.tpo.mirtesen.tests.AuthTest" time="15.496"/>
  <system-out><![CDATA[]]></system-out>
  <system-err><![CDATA[мая 19, 2026 7:00:09 PM org.openqa.selenium.devtools.CdpVersionFinder findNearestMatch
WARNING: Unable to find CDP implementation matching 148
мая 19, 2026 7:00:09 PM org.openqa.selenium.devtools.CdpVersionFinder findNearestMatch
WARNING: Unable to find CDP implementation matching 148
мая 19, 2026 7:00:09 PM org.openqa.selenium.chromium.ChromiumDriver lambda$new$5
WARNING: Unable to find version of CDP to use for 148.0.7778.168. You may need to include a dependency on a specific version of the CDP using something similar to `org.seleniumhq.selenium:selenium-devtools-v86:4.18.1` where the version ("v86") matches the version of the chromium-based browser you're using and the version number of the artifact is the same as Selenium's.
мая 19, 2026 7:00:09 PM org.openqa.selenium.chromium.ChromiumDriver lambda$new$5
WARNING: Unable to find version of CDP to use for 148.0.7778.168. You may need to include a dependency on a specific version of the CDP using something similar to `org.seleniumhq.selenium:selenium-devtools-v86:4.18.1` where the version ("v86") matches the version of the chromium-based browser you're using and the version number of the artifact is the same as Selenium's.
мая 19, 2026 7:00:27 PM org.openqa.selenium.devtools.CdpVersionFinder findNearestMatch
WARNING: Unable to find CDP implementation matching 148
мая 19, 2026 7:00:27 PM org.openqa.selenium.chromium.ChromiumDriver lambda$new$5
WARNING: Unable to find version of CDP to use for 148.0.7778.168. You may need to include a dependency on a specific version of the CDP using something similar to `org.seleniumhq.selenium:selenium-devtools-v86:4.18.1` where the version ("v86") matches the version of the chromium-based browser you're using and the version number of the artifact is the same as Selenium's.
мая 19, 2026 7:00:32 PM org.openqa.selenium.devtools.CdpVersionFinder findNearestMatch
WARNING: Unable to find CDP implementation matching 148
мая 19, 2026 7:00:32 PM org.openqa.selenium.chromium.ChromiumDriver lambda$new$5
WARNING: Unable to find version of CDP to use for 148.0.7778.168. You may need to include a dependency on a specific version of the CDP using something similar to `org.seleniumhq.selenium:selenium-devtools-v86:4.18.1` where the version ("v86") matches the version of the chromium-based browser you're using and the version number of the artifact is the same as Selenium's.
]]></system-err>
</testsuite>
