<?xml version="1.0" encoding="UTF-8"?>
<testsuite name="ru.tpo.mirtesen.tests.FeedTest" tests="4" skipped="0" failures="0" errors="0" timestamp="2026-05-18T21:15:07.430Z" hostname="MacBook-Pro-Nika.local" time="12.188">
  <properties/>
  <testcase name="TC-04 Лента содержит публикации [chrome]" classname="ru.tpo.mirtesen.tests.FeedTest" time="10.576"/>
  <testcase name="TC-05 Карточки содержат заголовки [chrome]" classname="ru.tpo.mirtesen.tests.FeedTest" time="10.915"/>
  <testcase name="TC-05 Карточки содержат заголовки [firefox]" classname="ru.tpo.mirtesen.tests.FeedTest" time="11.646"/>
  <testcase name="TC-04 Лента содержит публикации [firefox]" classname="ru.tpo.mirtesen.tests.FeedTest" time="11.659"/>
  <system-out><![CDATA[]]></system-out>
  <system-err><![CDATA[мая 19, 2026 12:15:08 AM org.openqa.selenium.devtools.CdpVersionFinder findNearestMatch
WARNING: Unable to find CDP implementation matching 148
мая 19, 2026 12:15:08 AM org.openqa.selenium.chromium.ChromiumDriver lambda$new$5
WARNING: Unable to find version of CDP to use for 148.0.7778.168. You may need to include a dependency on a specific version of the CDP using something similar to `org.seleniumhq.selenium:selenium-devtools-v86:4.18.1` where the version ("v86") matches the version of the chromium-based browser you're using and the version number of the artifact is the same as Selenium's.
мая 19, 2026 12:15:08 AM org.openqa.selenium.devtools.CdpVersionFinder findNearestMatch
WARNING: Unable to find CDP implementation matching 148
мая 19, 2026 12:15:08 AM org.openqa.selenium.chromium.ChromiumDriver lambda$new$5
WARNING: Unable to find version of CDP to use for 148.0.7778.168. You may need to include a dependency on a specific version of the CDP using something similar to `org.seleniumhq.selenium:selenium-devtools-v86:4.18.1` where the version ("v86") matches the version of the chromium-based browser you're using and the version number of the artifact is the same as Selenium's.
]]></system-err>
</testsuite>
