<?xml version="1.0" encoding="UTF-8"?>
<testsuite name="ru.tpo.mirtesen.tests.RubricNavigationTest" tests="6" skipped="0" failures="0" errors="0" timestamp="2026-05-19T16:14:09.736Z" hostname="MacBook-Air-mac-4.local" time="26.605">
  <properties/>
  <testcase name="UC-5 TC-19 Левый блок содержит пункты навигации [chrome]" classname="ru.tpo.mirtesen.tests.RubricNavigationTest" time="10.244"/>
  <testcase name="UC-5 TC-20 Рубрика открывается из левого меню [chrome]" classname="ru.tpo.mirtesen.tests.RubricNavigationTest" time="16.963"/>
  <testcase name="UC-5 TC-20 Рубрика открывается из левого меню [firefox]" classname="ru.tpo.mirtesen.tests.RubricNavigationTest" time="18.372"/>
  <testcase name="UC-5 TC-18 Левый блок отображается [firefox]" classname="ru.tpo.mirtesen.tests.RubricNavigationTest" time="20.064"/>
  <testcase name="UC-5 TC-19 Левый блок содержит пункты навигации [firefox]" classname="ru.tpo.mirtesen.tests.RubricNavigationTest" time="15.728"/>
  <testcase name="UC-5 TC-18 Левый блок отображается [chrome]" classname="ru.tpo.mirtesen.tests.RubricNavigationTest" time="9.642"/>
  <system-out><![CDATA[]]></system-out>
  <system-err><![CDATA[мая 19, 2026 7:14:11 PM org.openqa.selenium.devtools.CdpVersionFinder findNearestMatch
WARNING: Unable to find CDP implementation matching 148
мая 19, 2026 7:14:11 PM org.openqa.selenium.chromium.ChromiumDriver lambda$new$5
WARNING: Unable to find version of CDP to use for 148.0.7778.168. You may need to include a dependency on a specific version of the CDP using something similar to `org.seleniumhq.selenium:selenium-devtools-v86:4.18.1` where the version ("v86") matches the version of the chromium-based browser you're using and the version number of the artifact is the same as Selenium's.
мая 19, 2026 7:14:11 PM org.openqa.selenium.devtools.CdpVersionFinder findNearestMatch
WARNING: Unable to find CDP implementation matching 148
мая 19, 2026 7:14:11 PM org.openqa.selenium.chromium.ChromiumDriver lambda$new$5
WARNING: Unable to find version of CDP to use for 148.0.7778.168. You may need to include a dependency on a specific version of the CDP using something similar to `org.seleniumhq.selenium:selenium-devtools-v86:4.18.1` where the version ("v86") matches the version of the chromium-based browser you're using and the version number of the artifact is the same as Selenium's.
мая 19, 2026 7:14:28 PM org.openqa.selenium.devtools.CdpVersionFinder findNearestMatch
WARNING: Unable to find CDP implementation matching 148
мая 19, 2026 7:14:28 PM org.openqa.selenium.chromium.ChromiumDriver lambda$new$5
WARNING: Unable to find version of CDP to use for 148.0.7778.168. You may need to include a dependency on a specific version of the CDP using something similar to `org.seleniumhq.selenium:selenium-devtools-v86:4.18.1` where the version ("v86") matches the version of the chromium-based browser you're using and the version number of the artifact is the same as Selenium's.
]]></system-err>
</testsuite>
