<?xml version="1.0" encoding="UTF-8"?>
<testsuite name="ru.tpo.mirtesen.tests.SearchTest" tests="12" skipped="0" failures="0" errors="0" timestamp="2026-05-20T17:42:54.109Z" hostname="MacBook-Air-mac-4.local" time="117.568">
  <properties/>
  <testcase name="UC-2 TC-09 Запрос без результатов обработан [chrome]" classname="ru.tpo.mirtesen.tests.SearchTest" time="13.153"/>
  <testcase name="UC-2 TC-09 Запрос без результатов обработан [firefox]" classname="ru.tpo.mirtesen.tests.SearchTest" time="31.669"/>
  <testcase name="UC-2 TC-08 Пустой запрос без ошибки сервера [chrome]" classname="ru.tpo.mirtesen.tests.SearchTest" time="20.737"/>
  <testcase name="UC-2 TC-08 Пустой запрос без ошибки сервера [firefox]" classname="ru.tpo.mirtesen.tests.SearchTest" time="21.871"/>
  <testcase name="UC-2 TC-07 Страница статьи содержит заголовок [firefox]" classname="ru.tpo.mirtesen.tests.SearchTest" time="24.361"/>
  <testcase name="UC-2 TC-07 Страница статьи содержит заголовок [chrome]" classname="ru.tpo.mirtesen.tests.SearchTest" time="14.296"/>
  <testcase name="UC-2 TC-06 Запрос отражён в URL [chrome]" classname="ru.tpo.mirtesen.tests.SearchTest" time="16.569"/>
  <testcase name="UC-2 TC-05 Поиск возвращает публикации [chrome]" classname="ru.tpo.mirtesen.tests.SearchTest" time="16.008"/>
  <testcase name="UC-2 TC-10 Результаты имеют заголовки [chrome]" classname="ru.tpo.mirtesen.tests.SearchTest" time="16.857"/>
  <testcase name="UC-2 TC-06 Запрос отражён в URL [firefox]" classname="ru.tpo.mirtesen.tests.SearchTest" time="19.764"/>
  <testcase name="UC-2 TC-05 Поиск возвращает публикации [firefox]" classname="ru.tpo.mirtesen.tests.SearchTest" time="20.671"/>
  <testcase name="UC-2 TC-10 Результаты имеют заголовки [firefox]" classname="ru.tpo.mirtesen.tests.SearchTest" time="21.673"/>
  <system-out><![CDATA[]]></system-out>
  <system-err><![CDATA[мая 20, 2026 8:43:42 PM org.openqa.selenium.devtools.CdpVersionFinder findNearestMatch
WARNING: Unable to find CDP implementation matching 148
мая 20, 2026 8:43:42 PM org.openqa.selenium.chromium.ChromiumDriver lambda$new$5
WARNING: Unable to find version of CDP to use for 148.0.7778.169. You may need to include a dependency on a specific version of the CDP using something similar to `org.seleniumhq.selenium:selenium-devtools-v86:4.18.1` where the version ("v86") matches the version of the chromium-based browser you're using and the version number of the artifact is the same as Selenium's.
мая 20, 2026 8:43:43 PM org.openqa.selenium.devtools.CdpVersionFinder findNearestMatch
WARNING: Unable to find CDP implementation matching 148
мая 20, 2026 8:43:43 PM org.openqa.selenium.chromium.ChromiumDriver lambda$new$5
WARNING: Unable to find version of CDP to use for 148.0.7778.169. You may need to include a dependency on a specific version of the CDP using something similar to `org.seleniumhq.selenium:selenium-devtools-v86:4.18.1` where the version ("v86") matches the version of the chromium-based browser you're using and the version number of the artifact is the same as Selenium's.
мая 20, 2026 8:43:46 PM org.openqa.selenium.devtools.CdpVersionFinder findNearestMatch
WARNING: Unable to find CDP implementation matching 148
мая 20, 2026 8:43:46 PM org.openqa.selenium.chromium.ChromiumDriver lambda$new$5
WARNING: Unable to find version of CDP to use for 148.0.7778.169. You may need to include a dependency on a specific version of the CDP using something similar to `org.seleniumhq.selenium:selenium-devtools-v86:4.18.1` where the version ("v86") matches the version of the chromium-based browser you're using and the version number of the artifact is the same as Selenium's.
мая 20, 2026 8:44:20 PM org.openqa.selenium.devtools.CdpVersionFinder findNearestMatch
WARNING: Unable to find CDP implementation matching 148
мая 20, 2026 8:44:20 PM org.openqa.selenium.chromium.ChromiumDriver lambda$new$5
WARNING: Unable to find version of CDP to use for 148.0.7778.169. You may need to include a dependency on a specific version of the CDP using something similar to `org.seleniumhq.selenium:selenium-devtools-v86:4.18.1` where the version ("v86") matches the version of the chromium-based browser you're using and the version number of the artifact is the same as Selenium's.
мая 20, 2026 8:44:25 PM org.openqa.selenium.devtools.CdpVersionFinder findNearestMatch
WARNING: Unable to find CDP implementation matching 148
мая 20, 2026 8:44:25 PM org.openqa.selenium.chromium.ChromiumDriver lambda$new$5
WARNING: Unable to find version of CDP to use for 148.0.7778.169. You may need to include a dependency on a specific version of the CDP using something similar to `org.seleniumhq.selenium:selenium-devtools-v86:4.18.1` where the version ("v86") matches the version of the chromium-based browser you're using and the version number of the artifact is the same as Selenium's.
мая 20, 2026 8:44:33 PM org.openqa.selenium.devtools.CdpVersionFinder findNearestMatch
WARNING: Unable to find CDP implementation matching 148
мая 20, 2026 8:44:33 PM org.openqa.selenium.chromium.ChromiumDriver lambda$new$5
WARNING: Unable to find version of CDP to use for 148.0.7778.169. You may need to include a dependency on a specific version of the CDP using something similar to `org.seleniumhq.selenium:selenium-devtools-v86:4.18.1` where the version ("v86") matches the version of the chromium-based browser you're using and the version number of the artifact is the same as Selenium's.
мая 20, 2026 8:44:33 PM org.openqa.selenium.devtools.CdpVersionFinder findNearestMatch
WARNING: Unable to find CDP implementation matching 148
мая 20, 2026 8:44:33 PM org.openqa.selenium.chromium.ChromiumDriver lambda$new$5
WARNING: Unable to find version of CDP to use for 148.0.7778.169. You may need to include a dependency on a specific version of the CDP using something similar to `org.seleniumhq.selenium:selenium-devtools-v86:4.18.1` where the version ("v86") matches the version of the chromium-based browser you're using and the version number of the artifact is the same as Selenium's.
]]></system-err>
</testsuite>
