<?xml version="1.0" encoding="UTF-8"?>
<testsuite name="ru.tpo.mirtesen.tests.SearchTest" tests="12" skipped="0" failures="0" errors="0" timestamp="2026-05-20T14:17:26.262Z" hostname="MacBook-Air-mac-4.local" time="86.607">
  <properties/>
  <testcase name="UC-2 TC-05 Поиск возвращает публикации [chrome]" classname="ru.tpo.mirtesen.tests.SearchTest" time="10.469"/>
  <testcase name="UC-2 TC-09 Запрос без результатов обработан [chrome]" classname="ru.tpo.mirtesen.tests.SearchTest" time="10.476"/>
  <testcase name="UC-2 TC-07 Страница статьи содержит заголовок [firefox]" classname="ru.tpo.mirtesen.tests.SearchTest" time="41.974"/>
  <testcase name="UC-2 TC-09 Запрос без результатов обработан [firefox]" classname="ru.tpo.mirtesen.tests.SearchTest" time="39.127"/>
  <testcase name="UC-2 TC-07 Страница статьи содержит заголовок [chrome]" classname="ru.tpo.mirtesen.tests.SearchTest" time="13.373"/>
  <testcase name="UC-2 TC-05 Поиск возвращает публикации [firefox]" classname="ru.tpo.mirtesen.tests.SearchTest" time="49.2"/>
  <testcase name="UC-2 TC-10 Результаты имеют заголовки [chrome]" classname="ru.tpo.mirtesen.tests.SearchTest" time="11.117"/>
  <testcase name="UC-2 TC-08 Пустой запрос без ошибки сервера [chrome]" classname="ru.tpo.mirtesen.tests.SearchTest" time="16.872"/>
  <testcase name="UC-2 TC-06 Запрос отражён в URL [chrome]" classname="ru.tpo.mirtesen.tests.SearchTest" time="15.509"/>
  <testcase name="UC-2 TC-06 Запрос отражён в URL [firefox]" classname="ru.tpo.mirtesen.tests.SearchTest" time="15.453"/>
  <testcase name="UC-2 TC-10 Результаты имеют заголовки [firefox]" classname="ru.tpo.mirtesen.tests.SearchTest" time="18.308"/>
  <testcase name="UC-2 TC-08 Пустой запрос без ошибки сервера [firefox]" classname="ru.tpo.mirtesen.tests.SearchTest" time="20.127"/>
  <system-out><![CDATA[]]></system-out>
  <system-err><![CDATA[мая 20, 2026 5:18:16 PM org.openqa.selenium.devtools.CdpVersionFinder findNearestMatch
WARNING: Unable to find CDP implementation matching 148
мая 20, 2026 5:18:16 PM org.openqa.selenium.chromium.ChromiumDriver lambda$new$5
WARNING: Unable to find version of CDP to use for 148.0.7778.169. You may need to include a dependency on a specific version of the CDP using something similar to `org.seleniumhq.selenium:selenium-devtools-v86:4.18.1` where the version ("v86") matches the version of the chromium-based browser you're using and the version number of the artifact is the same as Selenium's.
мая 20, 2026 5:18:23 PM org.openqa.selenium.devtools.CdpVersionFinder findNearestMatch
WARNING: Unable to find CDP implementation matching 148
мая 20, 2026 5:18:23 PM org.openqa.selenium.chromium.ChromiumDriver lambda$new$5
WARNING: Unable to find version of CDP to use for 148.0.7778.169. You may need to include a dependency on a specific version of the CDP using something similar to `org.seleniumhq.selenium:selenium-devtools-v86:4.18.1` where the version ("v86") matches the version of the chromium-based browser you're using and the version number of the artifact is the same as Selenium's.
мая 20, 2026 5:18:24 PM org.openqa.selenium.devtools.CdpVersionFinder findNearestMatch
WARNING: Unable to find CDP implementation matching 148
мая 20, 2026 5:18:24 PM org.openqa.selenium.chromium.ChromiumDriver lambda$new$5
WARNING: Unable to find version of CDP to use for 148.0.7778.169. You may need to include a dependency on a specific version of the CDP using something similar to `org.seleniumhq.selenium:selenium-devtools-v86:4.18.1` where the version ("v86") matches the version of the chromium-based browser you're using and the version number of the artifact is the same as Selenium's.
мая 20, 2026 5:18:35 PM org.openqa.selenium.devtools.CdpVersionFinder findNearestMatch
WARNING: Unable to find CDP implementation matching 148
мая 20, 2026 5:18:35 PM org.openqa.selenium.chromium.ChromiumDriver lambda$new$5
WARNING: Unable to find version of CDP to use for 148.0.7778.169. You may need to include a dependency on a specific version of the CDP using something similar to `org.seleniumhq.selenium:selenium-devtools-v86:4.18.1` where the version ("v86") matches the version of the chromium-based browser you're using and the version number of the artifact is the same as Selenium's.
мая 20, 2026 5:18:35 PM org.openqa.selenium.devtools.CdpVersionFinder findNearestMatch
WARNING: Unable to find CDP implementation matching 148
мая 20, 2026 5:18:35 PM org.openqa.selenium.chromium.ChromiumDriver lambda$new$5
WARNING: Unable to find version of CDP to use for 148.0.7778.169. You may need to include a dependency on a specific version of the CDP using something similar to `org.seleniumhq.selenium:selenium-devtools-v86:4.18.1` where the version ("v86") matches the version of the chromium-based browser you're using and the version number of the artifact is the same as Selenium's.
]]></system-err>
</testsuite>
